mode: set
github.com/aecheverriro/backpack-bcgow6-adriana-echeverri/go-testing/2_1/internal/users/repository.go:35.47,39.2 1 1
github.com/aecheverriro/backpack-bcgow6-adriana-echeverri/go-testing/2_1/internal/users/repository.go:41.47,44.49 2 1
github.com/aecheverriro/backpack-bcgow6-adriana-echeverri/go-testing/2_1/internal/users/repository.go:48.2,48.22 1 1
github.com/aecheverriro/backpack-bcgow6-adriana-echeverri/go-testing/2_1/internal/users/repository.go:44.49,46.3 1 0
github.com/aecheverriro/backpack-bcgow6-adriana-echeverri/go-testing/2_1/internal/users/repository.go:51.53,54.49 2 0
github.com/aecheverriro/backpack-bcgow6-adriana-echeverri/go-testing/2_1/internal/users/repository.go:58.2,58.32 1 0
github.com/aecheverriro/backpack-bcgow6-adriana-echeverri/go-testing/2_1/internal/users/repository.go:63.2,63.59 1 0
github.com/aecheverriro/backpack-bcgow6-adriana-echeverri/go-testing/2_1/internal/users/repository.go:54.49,56.3 1 0
github.com/aecheverriro/backpack-bcgow6-adriana-echeverri/go-testing/2_1/internal/users/repository.go:58.32,59.20 1 0
github.com/aecheverriro/backpack-bcgow6-adriana-echeverri/go-testing/2_1/internal/users/repository.go:59.20,61.4 1 0
github.com/aecheverriro/backpack-bcgow6-adriana-echeverri/go-testing/2_1/internal/users/repository.go:66.161,69.49 2 0
github.com/aecheverriro/backpack-bcgow6-adriana-echeverri/go-testing/2_1/internal/users/repository.go:73.2,76.49 3 0
github.com/aecheverriro/backpack-bcgow6-adriana-echeverri/go-testing/2_1/internal/users/repository.go:80.2,80.21 1 0
github.com/aecheverriro/backpack-bcgow6-adriana-echeverri/go-testing/2_1/internal/users/repository.go:69.49,71.3 1 0
github.com/aecheverriro/backpack-bcgow6-adriana-echeverri/go-testing/2_1/internal/users/repository.go:76.49,78.3 1 0
github.com/aecheverriro/backpack-bcgow6-adriana-echeverri/go-testing/2_1/internal/users/repository.go:83.140,87.49 3 1
github.com/aecheverriro/backpack-bcgow6-adriana-echeverri/go-testing/2_1/internal/users/repository.go:92.2,92.36 1 1
github.com/aecheverriro/backpack-bcgow6-adriana-echeverri/go-testing/2_1/internal/users/repository.go:104.2,104.57 1 0
github.com/aecheverriro/backpack-bcgow6-adriana-echeverri/go-testing/2_1/internal/users/repository.go:87.49,89.3 1 0
github.com/aecheverriro/backpack-bcgow6-adriana-echeverri/go-testing/2_1/internal/users/repository.go:92.36,93.32 1 1
github.com/aecheverriro/backpack-bcgow6-adriana-echeverri/go-testing/2_1/internal/users/repository.go:93.32,97.51 3 1
github.com/aecheverriro/backpack-bcgow6-adriana-echeverri/go-testing/2_1/internal/users/repository.go:100.4,100.27 1 1
github.com/aecheverriro/backpack-bcgow6-adriana-echeverri/go-testing/2_1/internal/users/repository.go:97.51,99.5 1 0
github.com/aecheverriro/backpack-bcgow6-adriana-echeverri/go-testing/2_1/internal/users/repository.go:107.60,112.49 4 1
github.com/aecheverriro/backpack-bcgow6-adriana-echeverri/go-testing/2_1/internal/users/repository.go:116.2,116.32 1 1
github.com/aecheverriro/backpack-bcgow6-adriana-echeverri/go-testing/2_1/internal/users/repository.go:123.2,123.14 1 1
github.com/aecheverriro/backpack-bcgow6-adriana-echeverri/go-testing/2_1/internal/users/repository.go:127.2,128.49 2 1
github.com/aecheverriro/backpack-bcgow6-adriana-echeverri/go-testing/2_1/internal/users/repository.go:131.2,131.64 1 1
github.com/aecheverriro/backpack-bcgow6-adriana-echeverri/go-testing/2_1/internal/users/repository.go:112.49,114.3 1 0
github.com/aecheverriro/backpack-bcgow6-adriana-echeverri/go-testing/2_1/internal/users/repository.go:116.32,117.20 1 1
github.com/aecheverriro/backpack-bcgow6-adriana-echeverri/go-testing/2_1/internal/users/repository.go:117.20,120.4 2 1
github.com/aecheverriro/backpack-bcgow6-adriana-echeverri/go-testing/2_1/internal/users/repository.go:123.14,125.3 1 0
github.com/aecheverriro/backpack-bcgow6-adriana-echeverri/go-testing/2_1/internal/users/repository.go:128.49,130.3 1 0
github.com/aecheverriro/backpack-bcgow6-adriana-echeverri/go-testing/2_1/internal/users/repository.go:134.83,138.49 3 1
github.com/aecheverriro/backpack-bcgow6-adriana-echeverri/go-testing/2_1/internal/users/repository.go:142.2,142.36 1 1
github.com/aecheverriro/backpack-bcgow6-adriana-echeverri/go-testing/2_1/internal/users/repository.go:161.2,161.57 1 0
github.com/aecheverriro/backpack-bcgow6-adriana-echeverri/go-testing/2_1/internal/users/repository.go:138.49,140.3 1 0
github.com/aecheverriro/backpack-bcgow6-adriana-echeverri/go-testing/2_1/internal/users/repository.go:142.36,143.20 1 1
github.com/aecheverriro/backpack-bcgow6-adriana-echeverri/go-testing/2_1/internal/users/repository.go:143.20,154.51 10 1
github.com/aecheverriro/backpack-bcgow6-adriana-echeverri/go-testing/2_1/internal/users/repository.go:157.4,157.27 1 1
github.com/aecheverriro/backpack-bcgow6-adriana-echeverri/go-testing/2_1/internal/users/repository.go:154.51,156.5 1 0
github.com/aecheverriro/backpack-bcgow6-adriana-echeverri/go-testing/2_1/internal/users/repository.go:164.47,168.49 3 0
github.com/aecheverriro/backpack-bcgow6-adriana-echeverri/go-testing/2_1/internal/users/repository.go:172.2,172.32 1 0
github.com/aecheverriro/backpack-bcgow6-adriana-echeverri/go-testing/2_1/internal/users/repository.go:179.2,179.42 1 0
github.com/aecheverriro/backpack-bcgow6-adriana-echeverri/go-testing/2_1/internal/users/repository.go:168.49,170.3 1 0
github.com/aecheverriro/backpack-bcgow6-adriana-echeverri/go-testing/2_1/internal/users/repository.go:172.32,174.21 2 0
github.com/aecheverriro/backpack-bcgow6-adriana-echeverri/go-testing/2_1/internal/users/repository.go:174.21,176.4 1 0
github.com/aecheverriro/backpack-bcgow6-adriana-echeverri/go-testing/2_1/internal/users/service.go:16.39,20.2 1 1
github.com/aecheverriro/backpack-bcgow6-adriana-echeverri/go-testing/2_1/internal/users/service.go:22.44,24.16 2 0
github.com/aecheverriro/backpack-bcgow6-adriana-echeverri/go-testing/2_1/internal/users/service.go:28.2,28.16 1 0
github.com/aecheverriro/backpack-bcgow6-adriana-echeverri/go-testing/2_1/internal/users/service.go:24.16,26.3 1 0
github.com/aecheverriro/backpack-bcgow6-adriana-echeverri/go-testing/2_1/internal/users/service.go:31.50,33.16 2 0
github.com/aecheverriro/backpack-bcgow6-adriana-echeverri/go-testing/2_1/internal/users/service.go:37.2,37.16 1 0
github.com/aecheverriro/backpack-bcgow6-adriana-echeverri/go-testing/2_1/internal/users/service.go:33.16,35.3 1 0
github.com/aecheverriro/backpack-bcgow6-adriana-echeverri/go-testing/2_1/internal/users/service.go:40.143,42.16 2 0
github.com/aecheverriro/backpack-bcgow6-adriana-echeverri/go-testing/2_1/internal/users/service.go:45.2,46.16 2 0
github.com/aecheverriro/backpack-bcgow6-adriana-echeverri/go-testing/2_1/internal/users/service.go:50.2,50.16 1 0
github.com/aecheverriro/backpack-bcgow6-adriana-echeverri/go-testing/2_1/internal/users/service.go:42.16,44.3 1 0
github.com/aecheverriro/backpack-bcgow6-adriana-echeverri/go-testing/2_1/internal/users/service.go:46.16,48.3 1 0
github.com/aecheverriro/backpack-bcgow6-adriana-echeverri/go-testing/2_1/internal/users/service.go:53.137,55.16 2 1
github.com/aecheverriro/backpack-bcgow6-adriana-echeverri/go-testing/2_1/internal/users/service.go:59.2,59.16 1 1
github.com/aecheverriro/backpack-bcgow6-adriana-echeverri/go-testing/2_1/internal/users/service.go:55.16,57.3 1 0
github.com/aecheverriro/backpack-bcgow6-adriana-echeverri/go-testing/2_1/internal/users/service.go:62.57,64.16 2 1
github.com/aecheverriro/backpack-bcgow6-adriana-echeverri/go-testing/2_1/internal/users/service.go:68.2,68.21 1 1
github.com/aecheverriro/backpack-bcgow6-adriana-echeverri/go-testing/2_1/internal/users/service.go:64.16,66.3 1 0
github.com/aecheverriro/backpack-bcgow6-adriana-echeverri/go-testing/2_1/internal/users/service.go:71.80,73.16 2 0
github.com/aecheverriro/backpack-bcgow6-adriana-echeverri/go-testing/2_1/internal/users/service.go:77.2,77.16 1 0
github.com/aecheverriro/backpack-bcgow6-adriana-echeverri/go-testing/2_1/internal/users/service.go:73.16,75.3 1 0
